=== TrustShield AI Node.js Backend Verification ===

1. Testing GET /api/stats...
Response: {
  "total_scans": 5,
  "threats_detected": 4,
  "safe_items": 1,
  "avg_risk_score": 75,
  "distribution": {
    "critical": 80,
    "high": 0,
    "medium": 20,
    "safe": 0
  }
}
✅ Stats structure validated.

2. Testing GET /api/scans...
Successfully retrieved 5 scans.
✅ Scans structure validated.

3. Testing POST /api/scan (BEC Phishing email)...
Response: {
  "id": 6,
  "item": "FROM: ceo@company-internal-alert.com\nTO: finance@company.com\nSUBJECT: URGENT wire transfer ceo bank account routing details",
  "type": "Email",
  "risk_score": 90,
  "result": "Critical",
  "source": "Verification Script",
  "time": "Just now",
  "timestamp": "2026-07-02T22:05:44.299Z",
  "details": "### Threat Telemetry Verdict: CRITICAL (90/100)\n\n**System Action**: Blocked\n\n**Mitigation Recommendation**:\nPayload blocked immediately. Confirmed malicious signature, brand impersonation, or deepfake model matches.\n\n**Active Telemetry Logs**:\n- **Email Shield (Score: 90/100)**: Suspicious BEC keywords detected: wire transfer, ceo, bank account; Missing or unaligned DKIM/SPF headers\n\n**Trust Engine Composite Scoring Math**:\n\\( S_{{composite}} = \\max(S_{{critical}}) \\times 0.6 + \\left( \\frac{{\\sum (W_i \\times S_i)}}{{\\sum W_i}} \\right) \\times 0.4 \\)\n\nInputs: Max active score = 90, Weighted Avg = 90.0.\nCalculation: \\(90 \\times 0.6 + 90.0 \\times 0.4 = 90\\) (Clamped to 100)."
}
✅ Phishing detection score computed and matches criteria (Score >= 71).

4. Testing POST /api/integrations/webhook/gmail (when enabled vs disabled)...
Gmail integration connected status: true
Webhook Response: {
  "status": "processed",
  "verdict": "Blocked",
  "score": 90,
  "details": "Analyzed via Website."
}
✅ Webhook Ingestion verified.

5. Testing SSE Stream availability...
✅ SSE Headers match 'text/event-stream'.

🎉 ALL TESTS COMPLETED SUCCESSFULLY! The Node.js backend is fully operational and compatible. 🎉
