Collecting fastapi
  Downloading fastapi-0.139.0-py3-none-any.whl.metadata (26 kB)
Collecting uvicorn
  Downloading uvicorn-0.49.0-py3-none-any.whl.metadata (6.7 kB)
Collecting starlette>=0.46.0 (from fastapi)
  Downloading starlette-1.3.1-py3-none-any.whl.metadata (6.4 kB)
Collecting pydantic>=2.9.0 (from fastapi)
  Downloading pydantic-2.13.4-py3-none-any.whl.metadata (109 kB)
Collecting typing-extensions>=4.8.0 (from fastapi)
  Downloading typing_extensions-4.16.0-py3-none-any.whl.metadata (3.3 kB)
Collecting typing-inspection>=0.4.2 (from fastapi)
  Downloading typing_inspection-0.4.2-py3-none-any.whl.metadata (2.6 kB)
Collecting annotated-doc>=0.0.2 (from fastapi)
  Downloading annotated_doc-0.0.4-py3-none-any.whl.metadata (6.6 kB)
Collecting click>=7.0 (from uvicorn)
  Downloading click-8.4.2-py3-none-any.whl.metadata (2.6 kB)
Collecting h11>=0.8 (from uvicorn)
  Downloading h11-0.16.0-py3-none-any.whl.metadata (8.3 kB)
Collecting colorama (from click>=7.0->uvicorn)
  Downloading colorama-0.4.6-py2.py3-none-any.whl.metadata (17 kB)
Collecting annotated-types>=0.6.0 (from pydantic>=2.9.0->fastapi)
  Downloading annotated_types-0.7.0-py3-none-any.whl.metadata (15 kB)
Collecting pydantic-core==2.46.4 (from pydantic>=2.9.0->fastapi)
  Downloading pydantic_core-2.46.4-cp314-cp314-win_amd64.whl.metadata (6.7 kB)
Collecting anyio<5,>=3.6.2 (from starlette>=0.46.0->fastapi)
  Downloading anyio-4.14.1-py3-none-any.whl.metadata (4.6 kB)
Collecting idna>=2.8 (from anyio<5,>=3.6.2->starlette>=0.46.0->fastapi)
  Downloading idna-3.18-py3-none-any.whl.metadata (6.1 kB)
Downloading fastapi-0.139.0-py3-none-any.whl (130 kB)
Downloading uvicorn-0.49.0-py3-none-any.whl (71 kB)
Downloading annotated_doc-0.0.4-py3-none-any.whl (5.3 kB)
Downloading click-8.4.2-py3-none-any.whl (119 kB)
Downloading h11-0.16.0-py3-none-any.whl (37 kB)
Downloading pydantic-2.13.4-py3-none-any.whl (472 kB)
